<?xml version="1.0" encoding="UTF-8"?>
<!-- Generated by org.testng.reporters.JUnitReportReporter -->
<testsuite skipped="0" hostname="AZ" name="student.Maven.TestScript" tests="1" failures="0" timestamp="08 Aug 2018 04:19:15 GMT" time="12.319" errors="0">
  <testcase name="checkGoogle" time="12.319" classname="student.Maven.TestScript"/>
</testsuite> <!-- student.Maven.TestScript -->
